{"uuid":"7992022e-8d81-4fd9-8ba7-784385fc83b8","historyId":"45e32b7de401ab5574b8a3d4a91d74e","fullName":"com.thetestingacdemy.ex01_Selenium_Basics.TestSelenium01.test_OpenVWOLoginPage","labels":[{"name":"package","value":"com.thetestingacdemy.ex01_Selenium_Basics.TestSelenium01"},{"name":"testClass","value":"com.thetestingacdemy.ex01_Selenium_Basics.TestSelenium01"},{"name":"testMethod","value":"test_OpenVWOLoginPage"},{"name":"parentSuite","value":"All Test Suite"},{"name":"suite","value":"C:/Users/Bramha/IdeaProjects/LearningSeleniumATB12x"},{"name":"subSuite","value":"com.thetestingacdemy.ex01_Selenium_Basics.TestSelenium01"},{"name":"host","value":"Bramha"},{"name":"thread","value":"8208@Bramha.main(3)"},{"name":"framework","value":"testng"},{"name":"language","value":"java"}],"links":[],"name":"test_OpenVWOLoginPage","status":"broken","statusDetails":{"known":false,"muted":false,"flaky":false,"message":"Unable to obtain: msedgedriver, error Command failed with code: 65, executed: [--browser, MicrosoftEdge, --language-binding, java, --output, json]\nerror sending request for url (https://msedgedriver.azureedge.net/LATEST_RELEASE_139_WINDOWS)\nBuild info: version: '4.31.0', revision: '1ef9f18787*'\nSystem info: os.name: 'Windows 11', os.arch: 'amd64', os.version: '10.0', java.version: '24.0.1'\nDriver info: driver.version: EdgeDriver","trace":"org.openqa.selenium.remote.NoSuchDriverException: Unable to obtain: msedgedriver, error Command failed with code: 65, executed: [--browser, MicrosoftEdge, --language-binding, java, --output, json]\nerror sending request for url (https://msedgedriver.azureedge.net/LATEST_RELEASE_139_WINDOWS)\nBuild info: version: '4.31.0', revision: '1ef9f18787*'\nSystem info: os.name: 'Windows 11', os.arch: 'amd64', os.version: '10.0', java.version: '24.0.1'\nDriver info: driver.version: EdgeDriver\r\n\tat org.openqa.selenium.remote.service.DriverFinder.getBinaryPaths(DriverFinder.java:121)\r\n\tat org.openqa.selenium.remote.service.DriverFinder.getDriverPath(DriverFinder.java:55)\r\n\tat org.openqa.selenium.edge.EdgeDriver.generateExecutor(EdgeDriver.java:71)\r\n\tat org.openqa.selenium.edge.EdgeDriver.<init>(EdgeDriver.java:60)\r\n\tat org.openqa.selenium.edge.EdgeDriver.<init>(EdgeDriver.java:56)\r\n\tat org.openqa.selenium.edge.EdgeDriver.<init>(EdgeDriver.java:48)\r\n\tat org.openqa.selenium.edge.EdgeDriver.<init>(EdgeDriver.java:44)\r\n\tat com.thetestingacdemy.ex01_Selenium_Basics.TestSelenium01.test_OpenVWOLoginPage(TestSelenium01.java:16)\r\n\tat java.base/jdk.internal.reflect.DirectMethodHandleAccessor.invoke(DirectMethodHandleAccessor.java:104)\r\n\tat java.base/java.lang.reflect.Method.invoke(Method.java:565)\r\n\tat org.testng.internal.invokers.MethodInvocationHelper.invokeMethod(MethodInvocationHelper.java:141)\r\n\tat org.testng.internal.invokers.TestInvoker.invokeMethod(TestInvoker.java:687)\r\n\tat org.testng.internal.invokers.TestInvoker.invokeTestMethod(TestInvoker.java:230)\r\n\tat org.testng.internal.invokers.MethodRunner.runInSequence(MethodRunner.java:63)\r\n\tat org.testng.internal.invokers.TestInvoker$MethodInvocationAgent.invoke(TestInvoker.java:995)\r\n\tat org.testng.internal.invokers.TestInvoker.invokeTestMethods(TestInvoker.java:203)\r\n\tat org.testng.internal.invokers.TestMethodWorker.invokeTestMethods(TestMethodWorker.java:154)\r\n\tat org.testng.internal.invokers.TestMethodWorker.run(TestMethodWorker.java:134)\r\n\tat java.base/java.util.ArrayList.forEach(ArrayList.java:1604)\r\n\tat org.testng.TestRunner.privateRun(TestRunner.java:741)\r\n\tat org.testng.TestRunner.run(TestRunner.java:616)\r\n\tat org.testng.SuiteRunner.runTest(SuiteRunner.java:421)\r\n\tat org.testng.SuiteRunner.runSequentially(SuiteRunner.java:413)\r\n\tat org.testng.SuiteRunner.privateRun(SuiteRunner.java:373)\r\n\tat org.testng.SuiteRunner.run(SuiteRunner.java:312)\r\n\tat org.testng.SuiteRunnerWorker.runSuite(SuiteRunnerWorker.java:52)\r\n\tat org.testng.SuiteRunnerWorker.run(SuiteRunnerWorker.java:95)\r\n\tat org.testng.TestNG.runSuitesSequentially(TestNG.java:1274)\r\n\tat org.testng.TestNG.runSuitesLocally(TestNG.java:1208)\r\n\tat org.testng.TestNG.runSuites(TestNG.java:1112)\r\n\tat org.testng.TestNG.run(TestNG.java:1079)\r\n\tat com.intellij.rt.testng.IDEARemoteTestNG.run(IDEARemoteTestNG.java:65)\r\n\tat com.intellij.rt.testng.RemoteTestNGStarter.main(RemoteTestNGStarter.java:105)\r\nCaused by: org.openqa.selenium.WebDriverException: Command failed with code: 65, executed: [--browser, MicrosoftEdge, --language-binding, java, --output, json]\nerror sending request for url (https://msedgedriver.azureedge.net/LATEST_RELEASE_139_WINDOWS)\nBuild info: version: '4.31.0', revision: '1ef9f18787*'\nSystem info: os.name: 'Windows 11', os.arch: 'amd64', os.version: '10.0', java.version: '24.0.1'\nDriver info: driver.version: EdgeDriver\r\n\tat org.openqa.selenium.manager.SeleniumManager.runCommand(SeleniumManager.java:173)\r\n\tat org.openqa.selenium.manager.SeleniumManager.getBinaryPaths(SeleniumManager.java:254)\r\n\tat org.openqa.selenium.remote.service.DriverFinder.getBinaryPaths(DriverFinder.java:102)\r\n\t... 32 more\r\n"},"stage":"finished","steps":[],"attachments":[],"parameters":[],"start":1755806944218,"stop":1755806945354}